[2026-03-18T06:09:17.296Z] OPTIONS /api/quizzes/available
[2026-03-18T06:09:17.327Z] OPTIONS /api/quizzes/available
[2026-03-18T06:09:17.334Z] GET /api/quizzes/available
[2026-03-18T06:09:17.513Z] GET /api/quizzes/available
[2026-03-18T06:09:18.368Z] OPTIONS /api/chat/context
[2026-03-18T06:09:18.374Z] OPTIONS /api/chat/context
[2026-03-18T06:09:18.382Z] GET /api/chat/context
[2026-03-18T06:09:18.683Z] GET /api/chat/context
[2026-03-18T06:09:34.870Z] OPTIONS /api/chat/stream
[2026-03-18T06:09:34.876Z] POST /api/chat/stream
[2026-03-18T06:09:52.963Z] OPTIONS /api/chat/stream
[2026-03-18T06:09:52.968Z] POST /api/chat/stream
[2026-03-18T06:10:41.775Z] OPTIONS /api/quizzes/history/me
[2026-03-18T06:10:41.777Z] OPTIONS /api/quizzes/history/me
[2026-03-18T06:10:41.779Z] GET /api/quizzes/history/me
[2026-03-18T06:10:42.879Z] GET /api/quizzes/history/me
[2026-03-18T06:10:45.211Z] OPTIONS /api/quizzes/available
[2026-03-18T06:10:45.216Z] OPTIONS /api/quizzes/available
[2026-03-18T06:10:45.220Z] GET /api/quizzes/available
[2026-03-18T06:10:45.384Z] GET /api/quizzes/available
[2026-03-18T06:14:19.973Z] OPTIONS /api/users
[2026-03-18T06:14:20.019Z] OPTIONS /api/users
[2026-03-18T06:14:20.030Z] GET /api/users
[2026-03-18T06:14:23.664Z] GET /api/users
[2026-03-18T06:14:23.877Z] OPTIONS /api/categories
[2026-03-18T06:14:23.881Z] OPTIONS /api/courses/admin/all
[2026-03-18T06:14:23.885Z] OPTIONS /api/courses/admin/all
[2026-03-18T06:14:23.888Z] OPTIONS /api/categories
[2026-03-18T06:14:23.932Z] GET /api/categories
[2026-03-18T06:14:23.940Z] GET /api/courses/admin/all
[2026-03-18T06:14:25.148Z] GET /api/courses/admin/all
[2026-03-18T06:14:25.522Z] GET /api/categories
[2026-03-18T06:14:25.579Z] OPTIONS /api/users
[2026-03-18T06:14:25.582Z] OPTIONS /api/users
[2026-03-18T06:14:25.588Z] GET /api/users
[2026-03-18T06:14:25.908Z] GET /api/users
[2026-03-18T06:14:27.611Z] GET /api/courses/admin/all
[2026-03-18T06:14:27.616Z] GET /api/categories
[2026-03-18T06:14:27.776Z] GET /api/categories
[2026-03-18T06:14:27.780Z] GET /api/courses/admin/all
[2026-03-18T06:14:29.103Z] GET /api/users
[2026-03-18T06:14:29.812Z] OPTIONS /api/analytics/admin
[2026-03-18T06:14:29.815Z] OPTIONS /api/analytics/admin
[2026-03-18T06:14:29.822Z] GET /api/analytics/admin
[2026-03-18T06:14:29.843Z] GET /api/users
[2026-03-18T06:14:30.641Z] GET /api/analytics/admin
[2026-03-18T06:15:57.068Z] OPTIONS /api/analytics/admin
[2026-03-18T06:15:57.078Z] OPTIONS /api/analytics/admin
[2026-03-18T06:15:57.083Z] GET /api/analytics/admin
[2026-03-18T06:15:58.844Z] OPTIONS /api/courses/student/enrolled
[2026-03-18T06:15:58.847Z] OPTIONS /api/courses/student/enrolled
[2026-03-18T06:15:58.849Z] GET /api/courses/student/enrolled
[2026-03-18T06:15:59.021Z] GET /api/analytics/admin
[2026-03-18T06:16:00.395Z] GET /api/courses/student/enrolled
[2026-03-18T06:16:02.991Z] OPTIONS /api/courses
[2026-03-18T06:16:02.994Z] OPTIONS /api/courses
[2026-03-18T06:16:02.998Z] GET /api/courses
[2026-03-18T06:16:03.812Z] GET /api/courses
[2026-03-18T06:16:05.912Z] OPTIONS /api/analytics/student
[2026-03-18T06:16:05.916Z] OPTIONS /api/courses/student/enrolled
[2026-03-18T06:16:05.918Z] OPTIONS /api/analytics/student
[2026-03-18T06:16:05.921Z] OPTIONS /api/courses/student/enrolled
[2026-03-18T06:16:05.924Z] GET /api/analytics/student
[2026-03-18T06:16:05.933Z] GET /api/courses/student/enrolled
[2026-03-18T06:16:06.461Z] GET /api/courses/student/enrolled
[2026-03-18T06:16:09.013Z] GET /api/analytics/student
[2026-03-18T06:16:22.875Z] OPTIONS /api/users
[2026-03-18T06:16:22.879Z] OPTIONS /api/users
[2026-03-18T06:16:22.884Z] GET /api/users
[2026-03-18T06:16:23.544Z] GET /api/users
[2026-03-18T06:16:24.022Z] OPTIONS /api/courses/admin/all
[2026-03-18T06:16:24.024Z] OPTIONS /api/categories
[2026-03-18T06:16:24.027Z] OPTIONS /api/courses/admin/all
[2026-03-18T06:16:24.029Z] OPTIONS /api/categories
[2026-03-18T06:16:24.032Z] GET /api/courses/admin/all
[2026-03-18T06:16:24.039Z] GET /api/categories
[2026-03-18T06:16:24.204Z] GET /api/categories
[2026-03-18T06:16:24.549Z] GET /api/courses/admin/all
[2026-03-18T06:16:24.878Z] GET /api/categories
[2026-03-18T06:16:25.023Z] GET /api/categories
[2026-03-18T06:16:25.063Z] GET /api/courses/admin/all
[2026-03-18T06:16:25.213Z] GET /api/courses/admin/all
[2026-03-18T06:16:26.319Z] GET /api/categories
[2026-03-18T06:16:26.827Z] GET /api/categories
[2026-03-18T06:16:27.384Z] GET /api/categories
[2026-03-18T06:16:27.389Z] GET /api/courses/admin/all
[2026-03-18T06:16:27.531Z] GET /api/categories
[2026-03-18T06:16:27.919Z] GET /api/courses/admin/all
[2026-03-18T06:16:28.444Z] GET /api/categories
[2026-03-18T06:16:28.598Z] GET /api/categories
[2026-03-18T06:16:29.720Z] OPTIONS /api/chat/context
[2026-03-18T06:16:29.724Z] OPTIONS /api/chat/context
[2026-03-18T06:16:29.729Z] GET /api/chat/context
[2026-03-18T06:16:31.578Z] GET /api/chat/context
[2026-03-18T06:16:32.171Z] GET /api/chat/context
[2026-03-18T06:16:32.179Z] GET /api/chat/context
[2026-03-18T06:18:13.512Z] OPTIONS /api/categories
[2026-03-18T06:18:13.543Z] OPTIONS /api/categories
[2026-03-18T06:18:13.547Z] GET /api/categories
[2026-03-18T06:18:14.557Z] OPTIONS /api/courses/admin/all
[2026-03-18T06:18:14.560Z] OPTIONS /api/courses/admin/all
[2026-03-18T06:18:14.565Z] GET /api/courses/admin/all
[2026-03-18T06:18:14.775Z] GET /api/categories
[2026-03-18T06:18:14.921Z] GET /api/categories
[2026-03-18T06:18:15.061Z] GET /api/categories
[2026-03-18T06:18:15.318Z] GET /api/categories
[2026-03-18T06:18:15.469Z] GET /api/categories
[2026-03-18T06:18:15.596Z] GET /api/courses/admin/all
[2026-03-18T06:18:15.729Z] GET /api/courses/admin/all
[2026-03-18T06:18:15.858Z] GET /api/courses/admin/all
[2026-03-18T06:18:16.154Z] OPTIONS /api/users
[2026-03-18T06:18:16.160Z] OPTIONS /api/users
[2026-03-18T06:18:16.180Z] GET /api/users
[2026-03-18T06:18:16.440Z] GET /api/users
[2026-03-18T06:18:16.912Z] OPTIONS /api/analytics/admin
[2026-03-18T06:18:16.915Z] OPTIONS /api/analytics/admin
[2026-03-18T06:18:16.929Z] GET /api/analytics/admin
[2026-03-18T06:18:17.590Z] GET /api/analytics/admin
[2026-03-18T06:20:00.252Z] OPTIONS /api/users/profile/me
[2026-03-18T06:20:00.309Z] PUT /api/users/profile/me
[2026-03-18T06:20:11.910Z] OPTIONS /api/categories
[2026-03-18T06:20:11.996Z] GET /api/categories
[2026-03-18T06:20:12.014Z] OPTIONS /api/categories
[2026-03-18T06:20:12.189Z] GET /api/categories
[2026-03-18T06:20:12.866Z] OPTIONS /api/courses/admin/all
[2026-03-18T06:20:12.873Z] GET /api/categories
[2026-03-18T06:20:12.882Z] OPTIONS /api/courses/admin/all
[2026-03-18T06:20:12.887Z] GET /api/courses/admin/all
[2026-03-18T06:20:13.072Z] GET /api/categories
[2026-03-18T06:20:13.736Z] GET /api/categories
[2026-03-18T06:20:13.912Z] GET /api/categories
[2026-03-18T06:20:14.203Z] GET /api/courses/admin/all
[2026-03-18T06:20:14.379Z] GET /api/courses/admin/all
[2026-03-18T06:20:14.581Z] GET /api/courses/admin/all
[2026-03-18T06:20:14.604Z] OPTIONS /api/users
[2026-03-18T06:20:14.607Z] OPTIONS /api/users
[2026-03-18T06:20:14.614Z] GET /api/users
[2026-03-18T06:20:14.947Z] GET /api/users
[2026-03-18T06:20:15.898Z] OPTIONS /api/analytics/admin
[2026-03-18T06:20:15.902Z] OPTIONS /api/analytics/admin
[2026-03-18T06:20:15.906Z] GET /api/analytics/admin
[2026-03-18T06:20:16.736Z] GET /api/analytics/admin
[2026-03-18T06:20:16.938Z] GET /api/users
[2026-03-18T06:20:17.269Z] GET /api/users
[2026-03-18T06:20:32.291Z] OPTIONS /api/users/13
[2026-03-18T06:20:32.303Z] PUT /api/users/13
[2026-03-18T06:20:32.792Z] OPTIONS /api/users
[2026-03-18T06:20:32.800Z] GET /api/users
[2026-03-18T06:20:37.428Z] OPTIONS /api/courses/admin/all
[2026-03-18T06:20:37.430Z] OPTIONS /api/categories
[2026-03-18T06:20:37.432Z] OPTIONS /api/courses/admin/all
[2026-03-18T06:20:37.434Z] OPTIONS /api/categories
[2026-03-18T06:20:37.436Z] GET /api/courses/admin/all
[2026-03-18T06:20:37.442Z] GET /api/categories
[2026-03-18T06:20:37.574Z] GET /api/courses/admin/all
[2026-03-18T06:20:37.580Z] GET /api/categories
[2026-03-18T06:20:39.227Z] GET /api/categories
[2026-03-18T06:20:39.230Z] GET /api/courses/admin/all
[2026-03-18T06:20:39.391Z] GET /api/categories
[2026-03-18T06:20:39.393Z] GET /api/courses/admin/all
[2026-03-18T06:20:40.594Z] OPTIONS /api/analytics/admin
[2026-03-18T06:20:40.597Z] OPTIONS /api/analytics/admin
[2026-03-18T06:20:40.599Z] GET /api/analytics/admin
[2026-03-18T06:20:41.328Z] GET /api/analytics/admin
[2026-03-18T06:21:47.081Z] OPTIONS /api/chat/context
[2026-03-18T06:21:47.087Z] OPTIONS /api/chat/context
[2026-03-18T06:21:47.093Z] GET /api/chat/context
[2026-03-18T06:21:47.907Z] OPTIONS /api/categories
[2026-03-18T06:21:47.912Z] OPTIONS /api/categories
[2026-03-18T06:21:47.921Z] GET /api/categories
[2026-03-18T06:21:48.871Z] GET /api/categories
[2026-03-18T06:21:49.147Z] OPTIONS /api/courses/admin/all
[2026-03-18T06:21:49.149Z] GET /api/categories
[2026-03-18T06:21:49.152Z] OPTIONS /api/courses/admin/all
[2026-03-18T06:21:49.155Z] GET /api/courses/admin/all
[2026-03-18T06:21:49.296Z] GET /api/categories
[2026-03-18T06:21:49.480Z] GET /api/chat/context
[2026-03-18T06:21:50.059Z] OPTIONS /api/users
[2026-03-18T06:21:50.062Z] OPTIONS /api/users
[2026-03-18T06:21:50.064Z] GET /api/users
[2026-03-18T06:21:50.136Z] GET /api/courses/admin/all
[2026-03-18T06:21:50.416Z] GET /api/users
[2026-03-18T06:21:50.938Z] GET /api/courses/admin/all
[2026-03-18T06:21:50.942Z] GET /api/categories
[2026-03-18T06:21:51.074Z] GET /api/courses/admin/all
[2026-03-18T06:21:51.081Z] GET /api/categories
[2026-03-18T06:21:51.852Z] OPTIONS /api/analytics/admin
[2026-03-18T06:21:51.857Z] OPTIONS /api/analytics/admin
[2026-03-18T06:21:51.864Z] GET /api/analytics/admin
[2026-03-18T06:21:52.572Z] GET /api/analytics/admin
[2026-03-18T06:22:57.451Z] OPTIONS /api/chat/context
[2026-03-18T06:22:57.459Z] OPTIONS /api/chat/context
[2026-03-18T06:22:57.464Z] GET /api/chat/context
[2026-03-18T06:22:57.489Z] GET /api/chat/context
[2026-03-18T06:23:00.817Z] OPTIONS /api/courses/admin/all
[2026-03-18T06:23:00.821Z] OPTIONS /api/categories
[2026-03-18T06:23:00.826Z] OPTIONS /api/courses/admin/all
[2026-03-18T06:23:00.831Z] OPTIONS /api/categories
[2026-03-18T06:23:00.835Z] GET /api/courses/admin/all
[2026-03-18T06:23:00.847Z] GET /api/categories
[2026-03-18T06:23:01.778Z] OPTIONS /api/analytics/admin
[2026-03-18T06:23:01.781Z] OPTIONS /api/analytics/admin
[2026-03-18T06:23:01.787Z] GET /api/analytics/admin
[2026-03-18T06:23:01.931Z] GET /api/categories
[2026-03-18T06:23:01.961Z] GET /api/courses/admin/all
[2026-03-18T06:23:03.322Z] GET /api/analytics/admin
[2026-03-18T06:23:03.842Z] OPTIONS /api/users
[2026-03-18T06:23:03.847Z] OPTIONS /api/users
[2026-03-18T06:23:03.852Z] GET /api/users
[2026-03-18T06:23:04.126Z] GET /api/users
[2026-03-18T06:23:09.567Z] OPTIONS /api/courses/student/enrolled
[2026-03-18T06:23:09.570Z] OPTIONS /api/courses/student/enrolled
[2026-03-18T06:23:09.573Z] GET /api/courses/student/enrolled
[2026-03-18T06:23:09.589Z] GET /api/courses/student/enrolled
[2026-03-18T06:23:09.600Z] OPTIONS /api/auth/refresh
[2026-03-18T06:23:09.604Z] POST /api/auth/refresh
[2026-03-18T06:23:09.941Z] GET /api/courses/student/enrolled
[2026-03-18T06:23:10.087Z] GET /api/courses/student/enrolled
[2026-03-18T06:23:14.880Z] OPTIONS /api/quizzes/available
[2026-03-18T06:23:14.882Z] OPTIONS /api/quizzes/available
[2026-03-18T06:23:14.885Z] GET /api/quizzes/available
[2026-03-18T06:23:15.035Z] GET /api/quizzes/available
[2026-03-18T06:23:15.881Z] OPTIONS /api/quizzes/history/me
[2026-03-18T06:23:15.883Z] OPTIONS /api/quizzes/history/me
[2026-03-18T06:23:15.887Z] GET /api/quizzes/history/me
[2026-03-18T06:23:16.014Z] GET /api/quizzes/history/me
[2026-03-18T06:23:16.851Z] OPTIONS /api/chat/context
[2026-03-18T06:23:16.855Z] OPTIONS /api/chat/context
[2026-03-18T06:23:16.861Z] GET /api/chat/context
[2026-03-18T06:23:17.130Z] GET /api/chat/context
[2026-03-18T06:23:18.072Z] OPTIONS /api/analytics/student
[2026-03-18T06:23:18.074Z] OPTIONS /api/recommendations
[2026-03-18T06:23:18.076Z] OPTIONS /api/courses/student/enrolled
[2026-03-18T06:23:18.077Z] OPTIONS /api/analytics/student
[2026-03-18T06:23:18.079Z] POST /api/recommendations
[2026-03-18T06:23:18.093Z] GET /api/analytics/student
[2026-03-18T06:23:18.098Z] POST /api/recommendations
[2026-03-18T06:23:18.106Z] GET /api/courses/student/enrolled
[2026-03-18T06:23:19.136Z] OPTIONS /api/courses
[2026-03-18T06:23:19.139Z] OPTIONS /api/courses
[2026-03-18T06:23:19.142Z] GET /api/courses
[2026-03-18T06:23:19.203Z] GET /api/courses/student/enrolled
[2026-03-18T06:23:19.232Z] GET /api/analytics/student
[2026-03-18T06:23:19.566Z] GET /api/courses
[2026-03-18T06:23:20.101Z] GET /api/courses/student/enrolled
[2026-03-18T06:23:20.248Z] GET /api/courses/student/enrolled
[2026-03-18T06:23:20.421Z] GET /api/analytics/student
[2026-03-18T06:23:21.395Z] GET /api/analytics/student
[2026-03-18T06:37:57.150Z] OPTIONS /api/categories
[2026-03-18T06:37:57.279Z] GET /api/categories
[2026-03-18T06:37:57.361Z] OPTIONS /api/categories
[2026-03-18T06:37:57.812Z] OPTIONS /api/courses/admin/all
[2026-03-18T06:37:57.816Z] OPTIONS /api/courses/admin/all
[2026-03-18T06:37:57.818Z] GET /api/courses/admin/all
[2026-03-18T06:37:57.899Z] GET /api/courses/admin/all
[2026-03-18T06:37:57.925Z] OPTIONS /api/auth/refresh
[2026-03-18T06:37:57.934Z] POST /api/auth/refresh
[2026-03-18T06:37:58.904Z] GET /api/categories
[2026-03-18T06:37:59.044Z] GET /api/categories
[2026-03-18T06:37:59.178Z] GET /api/courses/admin/all
[2026-03-18T06:37:59.186Z] GET /api/categories
[2026-03-18T06:37:59.340Z] GET /api/courses/admin/all
[2026-03-18T06:37:59.640Z] GET /api/courses/admin/all
[2026-03-18T06:37:59.645Z] GET /api/categories
[2026-03-18T06:37:59.799Z] GET /api/categories
[2026-03-18T06:37:59.803Z] GET /api/courses/admin/all
[2026-03-18T06:38:01.184Z] OPTIONS /api/users
[2026-03-18T06:38:01.186Z] OPTIONS /api/users
[2026-03-18T06:38:01.191Z] GET /api/users
[2026-03-18T06:38:01.470Z] GET /api/users
[2026-03-18T06:41:14.645Z] OPTIONS /api/categories
[2026-03-18T06:41:14.689Z] OPTIONS /api/courses/admin/all
[2026-03-18T06:41:14.693Z] OPTIONS /api/categories
[2026-03-18T06:41:14.701Z] OPTIONS /api/courses/admin/all
[2026-03-18T06:41:14.706Z] GET /api/courses/admin/all
[2026-03-18T06:41:14.774Z] GET /api/categories
[2026-03-18T06:41:15.842Z] GET /api/courses/admin/all
[2026-03-18T06:41:15.892Z] GET /api/categories
[2026-03-18T06:41:15.980Z] GET /api/courses/admin/all
[2026-03-18T06:41:16.029Z] GET /api/categories
[2026-03-18T06:41:16.105Z] GET /api/courses/admin/all
[2026-03-18T06:41:16.186Z] GET /api/categories
[2026-03-18T06:41:16.409Z] OPTIONS /api/analytics/admin
[2026-03-18T06:41:16.413Z] OPTIONS /api/analytics/admin
[2026-03-18T06:41:16.419Z] GET /api/analytics/admin
[2026-03-18T06:41:17.128Z] GET /api/analytics/admin
[2026-03-18T06:41:18.530Z] OPTIONS /api/auth/logout
[2026-03-18T06:41:18.536Z] POST /api/auth/logout
[2026-03-18T06:41:20.977Z] OPTIONS /api/auth/login
[2026-03-18T06:41:20.982Z] POST /api/auth/login
[2026-03-18T06:41:21.552Z] OPTIONS /api/analytics/student
[2026-03-18T06:41:21.555Z] OPTIONS /api/courses/student/enrolled
[2026-03-18T06:41:21.558Z] OPTIONS /api/analytics/student
[2026-03-18T06:41:21.561Z] OPTIONS /api/courses/student/enrolled
[2026-03-18T06:41:21.564Z] GET /api/analytics/student
[2026-03-18T06:41:21.569Z] GET /api/courses/student/enrolled
[2026-03-18T06:41:21.717Z] GET /api/courses/student/enrolled
[2026-03-18T06:41:22.736Z] GET /api/analytics/student
[2026-03-18T06:43:15.960Z] OPTIONS /api/analytics/student
[2026-03-18T06:43:16.023Z] OPTIONS /api/recommendations
[2026-03-18T06:43:16.027Z] OPTIONS /api/courses/student/enrolled
[2026-03-18T06:43:16.030Z] OPTIONS /api/analytics/student
[2026-03-18T06:43:16.032Z] OPTIONS /api/courses/student/enrolled
[2026-03-18T06:43:16.036Z] OPTIONS /api/recommendations
[2026-03-18T06:43:16.039Z] GET /api/analytics/student
[2026-03-18T06:43:16.145Z] POST /api/recommendations
[2026-03-18T06:43:16.162Z] GET /api/courses/student/enrolled
[2026-03-18T06:43:16.168Z] POST /api/recommendations
[2026-03-18T06:43:16.830Z] OPTIONS /api/chat/context
[2026-03-18T06:43:16.834Z] OPTIONS /api/chat/context
[2026-03-18T06:43:16.842Z] GET /api/chat/context
[2026-03-18T06:43:17.481Z] GET /api/courses/student/enrolled
[2026-03-18T06:43:18.150Z] GET /api/chat/context
[2026-03-18T06:43:18.419Z] GET /api/analytics/student
[2026-03-18T06:43:19.345Z] OPTIONS /api/quizzes/history/me
[2026-03-18T06:43:19.348Z] OPTIONS /api/quizzes/history/me
[2026-03-18T06:43:19.352Z] GET /api/quizzes/history/me
[2026-03-18T06:43:19.494Z] GET /api/quizzes/history/me
[2026-03-18T06:43:19.804Z] OPTIONS /api/quizzes/available
[2026-03-18T06:43:19.807Z] OPTIONS /api/quizzes/available
[2026-03-18T06:43:19.812Z] GET /api/quizzes/available
[2026-03-18T06:43:19.960Z] GET /api/quizzes/available
[2026-03-18T06:43:20.904Z] OPTIONS /api/tasks
[2026-03-18T06:43:20.908Z] OPTIONS /api/tasks
[2026-03-18T06:43:20.917Z] GET /api/tasks
[2026-03-18T06:43:21.087Z] GET /api/tasks
[2026-03-18T06:43:21.867Z] OPTIONS /api/courses/student/enrolled
[2026-03-18T06:43:21.869Z] OPTIONS /api/courses/student/enrolled
[2026-03-18T06:43:21.871Z] GET /api/courses/student/enrolled
[2026-03-18T06:43:22.012Z] GET /api/courses/student/enrolled
[2026-03-18T06:43:22.739Z] OPTIONS /api/courses
[2026-03-18T06:43:22.741Z] OPTIONS /api/courses
[2026-03-18T06:43:22.749Z] GET /api/courses
[2026-03-18T06:43:23.186Z] GET /api/courses
[2026-03-18T06:43:26.997Z] OPTIONS /api/quizzes/available
[2026-03-18T06:43:27.000Z] OPTIONS /api/quizzes/available
[2026-03-18T06:43:27.004Z] GET /api/quizzes/available
[2026-03-18T06:43:27.169Z] GET /api/quizzes/available
[2026-03-18T06:43:37.000Z] OPTIONS /api/tasks
[2026-03-18T06:43:37.004Z] OPTIONS /api/tasks
[2026-03-18T06:43:37.008Z] GET /api/tasks
[2026-03-18T06:43:37.154Z] GET /api/tasks
[2026-03-18T06:43:38.439Z] OPTIONS /api/quizzes/available
[2026-03-18T06:43:38.441Z] OPTIONS /api/quizzes/available
[2026-03-18T06:43:38.445Z] GET /api/quizzes/available
[2026-03-18T06:43:38.585Z] GET /api/quizzes/available
[2026-03-18T06:43:45.844Z] OPTIONS /api/tasks
[2026-03-18T06:43:45.848Z] OPTIONS /api/tasks
[2026-03-18T06:43:45.854Z] GET /api/tasks
[2026-03-18T06:43:46.081Z] GET /api/tasks
[2026-03-18T06:43:46.745Z] OPTIONS /api/courses/student/enrolled
[2026-03-18T06:43:46.749Z] OPTIONS /api/courses/student/enrolled
[2026-03-18T06:43:46.755Z] GET /api/courses/student/enrolled
[2026-03-18T06:43:47.169Z] GET /api/courses/student/enrolled
[2026-03-18T06:43:47.740Z] OPTIONS /api/courses
[2026-03-18T06:43:47.748Z] OPTIONS /api/courses
[2026-03-18T06:43:47.752Z] GET /api/courses
[2026-03-18T06:43:48.261Z] GET /api/courses
[2026-03-18T06:44:23.134Z] OPTIONS /api/analytics/student
[2026-03-18T06:44:23.143Z] OPTIONS /api/courses/student/enrolled
[2026-03-18T06:44:23.150Z] OPTIONS /api/analytics/student
[2026-03-18T06:44:23.153Z] OPTIONS /api/courses/student/enrolled
[2026-03-18T06:44:23.158Z] GET /api/analytics/student
[2026-03-18T06:44:23.221Z] GET /api/courses/student/enrolled
[2026-03-18T06:44:24.451Z] GET /api/courses/student/enrolled
[2026-03-18T06:44:25.445Z] GET /api/analytics/student
[2026-03-18T06:45:41.014Z] OPTIONS /api/courses
[2026-03-18T06:45:41.032Z] OPTIONS /api/courses
[2026-03-18T06:45:41.037Z] GET /api/courses
[2026-03-18T06:45:41.604Z] OPTIONS /api/courses/student/enrolled
[2026-03-18T06:45:41.608Z] OPTIONS /api/courses/student/enrolled
[2026-03-18T06:45:41.612Z] GET /api/courses/student/enrolled
[2026-03-18T06:45:42.635Z] OPTIONS /api/tasks
[2026-03-18T06:45:42.638Z] OPTIONS /api/tasks
[2026-03-18T06:45:42.644Z] GET /api/tasks
[2026-03-18T06:45:43.135Z] GET /api/courses/student/enrolled
[2026-03-18T06:45:43.301Z] GET /api/courses
[2026-03-18T06:45:43.767Z] GET /api/tasks
[2026-03-18T06:45:43.816Z] GET /api/courses
[2026-03-18T06:45:44.328Z] GET /api/courses
[2026-03-18T06:45:44.738Z] OPTIONS /api/analytics/student
[2026-03-18T06:45:44.743Z] OPTIONS /api/analytics/student
[2026-03-18T06:45:44.747Z] GET /api/courses/student/enrolled
[2026-03-18T06:45:44.753Z] GET /api/analytics/student
[2026-03-18T06:45:44.907Z] GET /api/courses/student/enrolled
[2026-03-18T06:45:45.864Z] GET /api/analytics/student
[2026-03-18T06:45:46.094Z] GET /api/tasks
[2026-03-18T06:45:46.254Z] GET /api/tasks
[2026-03-18T06:45:47.732Z] OPTIONS /api/courses
[2026-03-18T06:45:47.736Z] OPTIONS /api/courses
[2026-03-18T06:45:47.745Z] GET /api/courses
[2026-03-18T06:45:48.513Z] GET /api/courses
[2026-03-18T06:45:49.312Z] OPTIONS /api/courses/student/enrolled
[2026-03-18T06:45:49.315Z] GET /api/analytics/student
[2026-03-18T06:45:49.324Z] OPTIONS /api/courses/student/enrolled
[2026-03-18T06:45:49.326Z] GET /api/courses/student/enrolled
[2026-03-18T06:45:49.472Z] GET /api/courses/student/enrolled
[2026-03-18T06:45:50.434Z] GET /api/analytics/student
[2026-03-18T06:49:50.397Z] OPTIONS /api/analytics/student
[2026-03-18T06:49:50.474Z] OPTIONS /api/analytics/student
[2026-03-18T06:49:50.479Z] OPTIONS /api/courses/student/enrolled
[2026-03-18T06:49:50.483Z] OPTIONS /api/courses/student/enrolled
[2026-03-18T06:49:50.495Z] OPTIONS /api/recommendations
[2026-03-18T06:49:50.502Z] OPTIONS /api/recommendations
[2026-03-18T06:49:50.508Z] GET /api/analytics/student
[2026-03-18T06:49:50.639Z] GET /api/courses/student/enrolled
[2026-03-18T06:49:50.646Z] GET /api/analytics/student
[2026-03-18T06:49:50.652Z] GET /api/courses/student/enrolled
[2026-03-18T06:49:50.658Z] GET /api/recommendations
[2026-03-18T06:49:50.686Z] GET /api/recommendations
[2026-03-18T06:51:06.233Z] OPTIONS /api/courses/12
[2026-03-18T06:51:06.256Z] OPTIONS /api/courses/12
[2026-03-18T06:51:06.266Z] GET /api/courses/12
[2026-03-18T06:51:08.487Z] OPTIONS /api/analytics/student
[2026-03-18T06:51:08.492Z] OPTIONS /api/courses/student/enrolled
[2026-03-18T06:51:08.497Z] OPTIONS /api/recommendations
[2026-03-18T06:51:08.508Z] OPTIONS /api/analytics/student
[2026-03-18T06:51:08.513Z] OPTIONS /api/courses/student/enrolled
[2026-03-18T06:51:08.517Z] OPTIONS /api/recommendations
[2026-03-18T06:51:08.519Z] GET /api/analytics/student
[2026-03-18T06:51:08.526Z] GET /api/courses/student/enrolled
[2026-03-18T06:51:08.531Z] GET /api/recommendations
[2026-03-18T06:51:09.082Z] GET /api/courses/12
[2026-03-18T06:51:09.783Z] GET /api/courses/student/enrolled
[2026-03-18T06:51:09.904Z] GET /api/recommendations
[2026-03-18T06:51:10.996Z] GET /api/analytics/student
[2026-03-18T07:28:39.242Z] OPTIONS /api/analytics/student
[2026-03-18T07:28:40.427Z] OPTIONS /api/analytics/student
[2026-03-18T07:28:40.598Z] OPTIONS /api/courses/student/enrolled
[2026-03-18T07:28:41.144Z] OPTIONS /api/recommendations
[2026-03-18T07:28:41.353Z] OPTIONS /api/courses/student/enrolled
[2026-03-18T07:28:41.413Z] OPTIONS /api/analytics/student
[2026-03-18T07:28:41.446Z] OPTIONS /api/recommendations
[2026-03-18T07:28:41.671Z] OPTIONS /api/courses/student/enrolled
[2026-03-18T07:28:41.707Z] OPTIONS /api/recommendations
[2026-03-18T07:28:41.777Z] OPTIONS /api/analytics/student
[2026-03-18T07:28:41.845Z] OPTIONS /api/courses/student/enrolled
[2026-03-18T07:28:41.909Z] OPTIONS /api/recommendations
[2026-03-18T07:28:54.870Z] OPTIONS /api/analytics/student
[2026-03-18T07:28:54.889Z] OPTIONS /api/courses/student/enrolled
[2026-03-18T07:28:54.892Z] OPTIONS /api/recommendations
[2026-03-18T07:28:54.896Z] OPTIONS /api/analytics/student
[2026-03-18T07:28:54.898Z] OPTIONS /api/courses/student/enrolled
[2026-03-18T07:28:54.904Z] GET /api/courses/student/enrolled
[2026-03-18T07:28:54.999Z] GET /api/analytics/student
[2026-03-18T07:28:55.024Z] GET /api/recommendations
[2026-03-18T07:28:55.030Z] OPTIONS /api/analytics/student
[2026-03-18T07:28:55.034Z] OPTIONS /api/courses/student/enrolled
[2026-03-18T07:28:55.036Z] OPTIONS /api/recommendations
[2026-03-18T07:28:55.039Z] OPTIONS /api/analytics/student
[2026-03-18T07:28:55.041Z] OPTIONS /api/courses/student/enrolled
[2026-03-18T07:28:55.042Z] OPTIONS /api/recommendations
[2026-03-18T07:28:55.046Z] GET /api/analytics/student
[2026-03-18T07:28:55.065Z] GET /api/courses/student/enrolled
[2026-03-18T07:28:55.068Z] GET /api/recommendations
[2026-03-18T07:28:55.075Z] GET /api/analytics/student
[2026-03-18T07:28:55.079Z] GET /api/courses/student/enrolled
[2026-03-18T07:28:55.084Z] GET /api/recommendations
[2026-03-18T07:28:55.088Z] OPTIONS /api/auth/refresh
[2026-03-18T07:28:55.093Z] POST /api/auth/refresh
[2026-03-18T07:28:56.268Z] GET /api/courses/student/enrolled
[2026-03-18T07:28:56.398Z] GET /api/recommendations
[2026-03-18T07:28:56.801Z] GET /api/analytics/student
[2026-03-18T07:28:56.907Z] GET /api/courses/student/enrolled
[2026-03-18T07:28:56.928Z] GET /api/recommendations
[2026-03-18T07:28:57.071Z] GET /api/courses/student/enrolled
[2026-03-18T07:28:57.207Z] GET /api/analytics/student
[2026-03-18T07:28:57.213Z] GET /api/recommendations
[2026-03-18T07:28:57.927Z] GET /api/analytics/student
[2026-03-18T08:11:45.932Z] OPTIONS /api/analytics/student
[2026-03-18T08:11:46.075Z] GET /api/analytics/student
[2026-03-18T08:11:46.326Z] OPTIONS /api/courses/student/enrolled
[2026-03-18T08:11:46.330Z] OPTIONS /api/recommendations
[2026-03-18T08:11:46.335Z] OPTIONS /api/analytics/student
[2026-03-18T08:11:46.338Z] OPTIONS /api/courses/student/enrolled
[2026-03-18T08:11:46.342Z] OPTIONS /api/recommendations
[2026-03-18T08:11:46.346Z] OPTIONS /api/analytics/student
[2026-03-18T08:11:46.349Z] OPTIONS /api/courses/student/enrolled
[2026-03-18T08:11:46.413Z] OPTIONS /api/recommendations
[2026-03-18T08:11:46.416Z] OPTIONS /api/analytics/student
[2026-03-18T08:11:46.418Z] OPTIONS /api/courses/student/enrolled
[2026-03-18T08:11:46.421Z] OPTIONS /api/recommendations
[2026-03-18T08:11:46.423Z] OPTIONS /api/auth/refresh
[2026-03-18T08:11:46.428Z] GET /api/courses/student/enrolled
[2026-03-18T08:11:46.436Z] GET /api/recommendations
[2026-03-18T08:11:46.441Z] GET /api/analytics/student
[2026-03-18T08:11:46.447Z] GET /api/analytics/student
[2026-03-18T08:11:46.536Z] GET /api/courses/student/enrolled
[2026-03-18T08:11:46.547Z] GET /api/recommendations
[2026-03-18T08:11:46.556Z] POST /api/auth/refresh
[2026-03-18T08:11:46.602Z] GET /api/courses/student/enrolled
[2026-03-18T08:11:46.608Z] GET /api/recommendations
[2026-03-18T08:11:48.803Z] GET /api/courses/student/enrolled
[2026-03-18T08:11:48.816Z] GET /api/analytics/student
[2026-03-18T08:11:48.824Z] GET /api/recommendations
[2026-03-18T08:11:48.831Z] GET /api/courses/student/enrolled
[2026-03-18T08:11:48.835Z] GET /api/recommendations
[2026-03-18T08:11:50.567Z] GET /api/analytics/student
[2026-03-18T08:11:50.668Z] GET /api/analytics/student
[2026-03-18T08:11:51.812Z] GET /api/recommendations
[2026-03-18T08:11:53.763Z] GET /api/courses/student/enrolled
[2026-03-18T08:12:50.966Z] OPTIONS /api/quizzes/available
[2026-03-18T08:12:51.003Z] OPTIONS /api/quizzes/16
[2026-03-18T08:12:51.006Z] OPTIONS /api/quizzes/available
[2026-03-18T08:12:51.011Z] OPTIONS /api/quizzes/16
[2026-03-18T08:12:51.015Z] GET /api/quizzes/available
[2026-03-18T08:12:51.182Z] GET /api/quizzes/16
[2026-03-18T13:26:14.450Z] OPTIONS /api/analytics/admin
[2026-03-18T13:26:14.465Z] OPTIONS /api/analytics/admin
[2026-03-18T13:26:14.467Z] GET /api/analytics/admin
[2026-03-18T13:26:14.478Z] GET /api/analytics/admin
[2026-03-18T13:26:14.484Z] OPTIONS /api/auth/refresh
[2026-03-18T13:26:14.487Z] POST /api/auth/refresh
[2026-03-18T13:26:16.988Z] OPTIONS /api/auth/login
[2026-03-18T13:26:16.994Z] POST /api/auth/login
[2026-03-18T13:26:18.015Z] GET /api/analytics/admin
[2026-03-18T13:26:18.781Z] GET /api/analytics/admin
[2026-03-18T13:26:24.553Z] OPTIONS /api/users
[2026-03-18T13:26:24.558Z] OPTIONS /api/users
[2026-03-18T13:26:24.561Z] GET /api/users
[2026-03-18T13:26:24.854Z] GET /api/users
[2026-03-18T13:26:25.636Z] OPTIONS /api/analytics/admin
[2026-03-18T13:26:25.638Z] OPTIONS /api/analytics/admin
[2026-03-18T13:26:25.641Z] GET /api/analytics/admin
[2026-03-18T13:26:26.319Z] GET /api/analytics/admin
[2026-03-18T13:26:31.064Z] OPTIONS /api/users
[2026-03-18T13:26:31.065Z] OPTIONS /api/users
[2026-03-18T13:26:31.067Z] GET /api/users
[2026-03-18T13:26:31.347Z] GET /api/users
[2026-03-18T13:26:32.963Z] OPTIONS /api/courses/admin/all
[2026-03-18T13:26:32.967Z] OPTIONS /api/categories
[2026-03-18T13:26:32.972Z] OPTIONS /api/courses/admin/all
[2026-03-18T13:26:32.976Z] OPTIONS /api/categories
[2026-03-18T13:26:32.979Z] GET /api/categories
[2026-03-18T13:26:32.982Z] GET /api/courses/admin/all
[2026-03-18T13:26:33.152Z] GET /api/categories
[2026-03-18T13:26:33.867Z] GET /api/categories
[2026-03-18T13:26:33.976Z] GET /api/courses/admin/all
[2026-03-18T13:26:34.007Z] GET /api/categories
[2026-03-18T13:26:34.121Z] GET /api/courses/admin/all
[2026-03-18T13:26:34.268Z] GET /api/courses/admin/all
[2026-03-18T13:26:35.275Z] GET /api/categories
[2026-03-18T13:26:35.415Z] GET /api/categories
[2026-03-18T13:26:37.025Z] OPTIONS /api/chat/context
[2026-03-18T13:26:37.027Z] OPTIONS /api/chat/context
[2026-03-18T13:26:37.030Z] GET /api/chat/context
[2026-03-18T13:26:38.609Z] GET /api/chat/context
[2026-03-18T13:26:39.665Z] OPTIONS /api/categories
[2026-03-18T13:26:39.668Z] OPTIONS /api/categories
[2026-03-18T13:26:39.670Z] GET /api/categories
[2026-03-18T13:26:39.900Z] GET /api/categories
[2026-03-18T13:26:40.386Z] OPTIONS /api/courses/admin/all
[2026-03-18T13:26:40.388Z] OPTIONS /api/courses/admin/all
[2026-03-18T13:26:40.390Z] GET /api/categories
[2026-03-18T13:26:40.391Z] GET /api/courses/admin/all
[2026-03-18T13:26:40.529Z] GET /api/categories
[2026-03-18T13:26:41.166Z] GET /api/categories
[2026-03-18T13:26:41.311Z] GET /api/categories
[2026-03-18T13:26:41.501Z] GET /api/courses/admin/all
[2026-03-18T13:26:41.660Z] GET /api/courses/admin/all
[2026-03-18T13:26:41.810Z] GET /api/courses/admin/all
[2026-03-18T13:26:42.172Z] GET /api/categories
[2026-03-18T13:26:42.174Z] GET /api/courses/admin/all
[2026-03-18T13:26:42.321Z] GET /api/categories
[2026-03-18T13:26:42.325Z] GET /api/courses/admin/all
[2026-03-18T13:26:43.601Z] GET /api/courses/admin/all
[2026-03-18T13:26:43.605Z] GET /api/categories
[2026-03-18T13:26:43.756Z] GET /api/categories
[2026-03-18T13:26:43.764Z] GET /api/courses/admin/all
[2026-03-18T13:26:44.574Z] OPTIONS /api/users
[2026-03-18T13:26:44.577Z] OPTIONS /api/users
[2026-03-18T13:26:44.580Z] GET /api/users
[2026-03-18T13:26:45.020Z] GET /api/users
[2026-03-18T13:26:52.733Z] OPTIONS /api/users
[2026-03-18T13:26:52.736Z] GET /api/users
[2026-03-18T13:26:54.818Z] OPTIONS /api/users
[2026-03-18T13:26:54.825Z] GET /api/users
[2026-03-18T13:26:58.004Z] OPTIONS /api/users
[2026-03-18T13:26:58.009Z] GET /api/users
[2026-03-18T13:26:59.087Z] OPTIONS /api/courses/admin/all
[2026-03-18T13:26:59.091Z] OPTIONS /api/categories
[2026-03-18T13:26:59.097Z] OPTIONS /api/courses/admin/all
[2026-03-18T13:26:59.099Z] OPTIONS /api/categories
[2026-03-18T13:26:59.102Z] GET /api/courses/admin/all
[2026-03-18T13:26:59.107Z] GET /api/categories
[2026-03-18T13:26:59.252Z] GET /api/categories
[2026-03-18T13:26:59.256Z] GET /api/courses/admin/all
[2026-03-18T13:26:59.822Z] GET /api/categories
[2026-03-18T13:26:59.825Z] GET /api/courses/admin/all
[2026-03-18T13:26:59.984Z] GET /api/categories
[2026-03-18T13:26:59.996Z] GET /api/courses/admin/all
[2026-03-18T13:27:00.634Z] GET /api/categories
[2026-03-18T13:27:00.779Z] GET /api/categories
[2026-03-18T13:27:11.311Z] OPTIONS /api/users/profile/me
[2026-03-18T13:27:11.318Z] PUT /api/users/profile/me
[2026-03-18T13:27:15.200Z] OPTIONS /api/categories
[2026-03-18T13:27:15.203Z] OPTIONS /api/categories
[2026-03-18T13:27:15.206Z] GET /api/categories
[2026-03-18T13:27:15.377Z] GET /api/categories
[2026-03-18T13:32:42.862Z] OPTIONS /api/categories/7
[2026-03-18T13:32:42.882Z] PUT /api/categories/7
[2026-03-18T13:32:44.082Z] OPTIONS /api/categories
[2026-03-18T13:32:44.087Z] GET /api/categories
[2026-03-18T13:34:53.005Z] OPTIONS /api/categories
[2026-03-18T13:34:53.012Z] GET /api/categories
[2026-03-18T13:34:54.087Z] GET /api/categories
[2026-03-18T13:34:54.222Z] GET /api/categories
[2026-03-18T13:40:53.231Z] OPTIONS /api/categories/7
[2026-03-18T13:40:53.235Z] PUT /api/categories/7
[2026-03-18T13:40:54.463Z] OPTIONS /api/categories
[2026-03-18T13:40:54.466Z] GET /api/categories
[2026-03-18T13:40:58.224Z] OPTIONS /api/courses/admin/all
[2026-03-18T13:40:58.226Z] OPTIONS /api/courses/admin/all
[2026-03-18T13:40:58.229Z] GET /api/categories
[2026-03-18T13:40:58.230Z] GET /api/courses/admin/all
[2026-03-18T13:40:58.378Z] GET /api/categories
[2026-03-18T13:40:59.428Z] GET /api/courses/admin/all
[2026-03-18T13:40:59.585Z] OPTIONS /api/chat/context
[2026-03-18T13:40:59.588Z] OPTIONS /api/chat/context
[2026-03-18T13:40:59.592Z] GET /api/chat/context
[2026-03-18T13:41:01.142Z] GET /api/chat/context
[2026-03-18T13:41:05.065Z] OPTIONS /api/chat/stream
[2026-03-18T13:41:05.070Z] POST /api/chat/stream
[2026-03-18T13:41:33.295Z] OPTIONS /api/categories
[2026-03-18T13:41:33.297Z] OPTIONS /api/categories
[2026-03-18T13:41:33.300Z] GET /api/categories
[2026-03-18T13:41:34.489Z] GET /api/categories
[2026-03-18T13:50:35.614Z] OPTIONS /api/categories
[2026-03-18T13:50:35.655Z] OPTIONS /api/courses/admin/all
[2026-03-18T13:50:35.656Z] OPTIONS /api/courses/admin/all
[2026-03-18T13:50:35.658Z] OPTIONS /api/categories
[2026-03-18T13:50:35.660Z] GET /api/categories
[2026-03-18T13:50:35.684Z] GET /api/courses/admin/all
[2026-03-18T13:50:36.803Z] GET /api/courses/admin/all
[2026-03-18T13:50:36.811Z] GET /api/categories
[2026-03-18T13:50:47.478Z] OPTIONS /api/courses/admin/all
[2026-03-18T13:50:47.481Z] OPTIONS /api/categories
[2026-03-18T13:50:47.484Z] OPTIONS /api/courses/admin/all
[2026-03-18T13:50:47.485Z] OPTIONS /api/categories
[2026-03-18T13:50:47.487Z] GET /api/courses/admin/all
[2026-03-18T13:50:47.490Z] GET /api/categories
[2026-03-18T13:50:47.627Z] GET /api/courses/admin/all
[2026-03-18T13:50:47.634Z] GET /api/categories
[2026-03-18T13:50:48.581Z] GET /api/categories
[2026-03-18T13:50:48.583Z] GET /api/courses/admin/all
[2026-03-18T13:50:48.865Z] GET /api/courses/admin/all
[2026-03-18T13:50:48.873Z] GET /api/categories
[2026-03-18T13:50:49.555Z] GET /api/courses/admin/all
[2026-03-18T13:50:49.559Z] GET /api/categories
[2026-03-18T13:50:49.823Z] GET /api/categories
[2026-03-18T13:50:49.826Z] GET /api/courses/admin/all
[2026-03-18T13:50:53.644Z] OPTIONS /api/categories
[2026-03-18T13:50:53.647Z] OPTIONS /api/courses/admin/all
[2026-03-18T13:50:53.649Z] OPTIONS /api/categories
[2026-03-18T13:50:53.651Z] OPTIONS /api/courses/admin/all
[2026-03-18T13:50:53.653Z] GET /api/categories
[2026-03-18T13:50:53.655Z] GET /api/courses/admin/all
[2026-03-18T13:50:53.794Z] GET /api/courses/admin/all
[2026-03-18T13:50:53.805Z] GET /api/categories
[2026-03-18T13:51:00.672Z] OPTIONS /api/modules
[2026-03-18T13:51:00.676Z] GET /api/modules
[2026-03-18T13:51:04.660Z] OPTIONS /api/lessons
[2026-03-18T13:51:04.664Z] GET /api/lessons
[2026-03-18T13:51:26.236Z] OPTIONS /api/quizzes/ai-generate
[2026-03-18T13:51:26.242Z] POST /api/quizzes/ai-generate
[2026-03-18T13:52:15.385Z] OPTIONS /api/chat/context
[2026-03-18T13:52:15.388Z] OPTIONS /api/chat/context
[2026-03-18T13:52:15.394Z] GET /api/chat/context
[2026-03-18T13:52:17.955Z] GET /api/chat/context
[2026-03-18T13:57:18.924Z] OPTIONS /api/chat/context
[2026-03-18T13:57:18.933Z] GET /api/chat/context
[2026-03-18T13:57:18.956Z] OPTIONS /api/chat/context
[2026-03-18T13:57:18.958Z] OPTIONS /api/chat/context
[2026-03-18T13:57:21.501Z] GET /api/chat/context
[2026-03-18T13:57:21.506Z] GET /api/chat/context
[2026-03-18T14:00:56.997Z] OPTIONS /api/categories
[2026-03-18T14:00:57.020Z] OPTIONS /api/categories
[2026-03-18T14:00:57.023Z] GET /api/categories
[2026-03-18T14:00:58.456Z] GET /api/categories
[2026-03-18T14:03:15.026Z] OPTIONS /api/chat/context
[2026-03-18T14:03:15.033Z] OPTIONS /api/chat/context
[2026-03-18T14:03:15.036Z] GET /api/chat/context
[2026-03-18T14:03:15.708Z] OPTIONS /api/categories
[2026-03-18T14:03:15.714Z] OPTIONS /api/categories
[2026-03-18T14:03:15.717Z] GET /api/categories
[2026-03-18T14:03:16.709Z] GET /api/categories
[2026-03-18T14:03:17.030Z] OPTIONS /api/courses/admin/all
[2026-03-18T14:03:17.033Z] OPTIONS /api/courses/admin/all
[2026-03-18T14:03:17.037Z] GET /api/categories
[2026-03-18T14:03:17.041Z] GET /api/courses/admin/all
[2026-03-18T14:03:17.188Z] GET /api/categories
[2026-03-18T14:03:17.310Z] GET /api/chat/context
[2026-03-18T14:03:18.139Z] GET /api/courses/admin/all
[2026-03-18T14:04:45.374Z] OPTIONS /api/courses/admin/all
[2026-03-18T14:04:45.379Z] GET /api/courses/admin/all
[2026-03-18T14:04:45.384Z] OPTIONS /api/categories
[2026-03-18T14:04:45.387Z] OPTIONS /api/courses/admin/all
[2026-03-18T14:04:45.390Z] OPTIONS /api/categories
[2026-03-18T14:04:45.392Z] GET /api/categories
[2026-03-18T14:04:46.630Z] GET /api/courses/admin/all
[2026-03-18T14:04:46.633Z] GET /api/categories
[2026-03-18T14:04:47.503Z] OPTIONS /api/users
[2026-03-18T14:04:47.506Z] OPTIONS /api/users
[2026-03-18T14:04:47.511Z] GET /api/users
[2026-03-18T14:04:47.907Z] GET /api/users
[2026-03-18T14:04:48.546Z] OPTIONS /api/analytics/admin
[2026-03-18T14:04:48.547Z] OPTIONS /api/analytics/admin
[2026-03-18T14:04:48.548Z] GET /api/analytics/admin
[2026-03-18T14:04:49.271Z] GET /api/users
[2026-03-18T14:04:49.333Z] GET /api/analytics/admin
[2026-03-18T14:04:49.559Z] GET /api/users
[2026-03-18T14:04:49.979Z] GET /api/courses/admin/all
[2026-03-18T14:04:49.988Z] GET /api/categories
[2026-03-18T14:04:50.186Z] GET /api/courses/admin/all
[2026-03-18T14:04:51.099Z] GET /api/categories
[2026-03-18T14:04:51.486Z] OPTIONS /api/courses/13
[2026-03-18T14:04:51.493Z] GET /api/courses/13
[2026-03-18T14:05:22.329Z] OPTIONS /api/courses/13
[2026-03-18T14:05:22.332Z] GET /api/courses/13
[2026-03-18T14:05:56.106Z] OPTIONS /api/analytics/student
[2026-03-18T14:05:56.111Z] OPTIONS /api/courses/student/enrolled
[2026-03-18T14:05:56.116Z] OPTIONS /api/recommendations
[2026-03-18T14:05:56.119Z] OPTIONS /api/analytics/student
[2026-03-18T14:05:56.123Z] OPTIONS /api/courses/student/enrolled
[2026-03-18T14:05:56.127Z] OPTIONS /api/recommendations
[2026-03-18T14:05:56.130Z] GET /api/courses/student/enrolled
[2026-03-18T14:05:56.136Z] GET /api/analytics/student
[2026-03-18T14:05:56.140Z] GET /api/recommendations
[2026-03-18T14:05:56.146Z] GET /api/courses/student/enrolled
[2026-03-18T14:05:56.150Z] GET /api/analytics/student
[2026-03-18T14:05:56.154Z] OPTIONS /api/auth/refresh
[2026-03-18T14:05:56.155Z] GET /api/recommendations
[2026-03-18T14:05:56.160Z] POST /api/auth/refresh
[2026-03-18T14:05:57.511Z] GET /api/courses/student/enrolled
[2026-03-18T14:05:57.515Z] GET /api/analytics/student
[2026-03-18T14:05:57.524Z] GET /api/recommendations
[2026-03-18T14:05:57.659Z] GET /api/courses/student/enrolled
[2026-03-18T14:05:58.693Z] GET /api/recommendations
[2026-03-18T14:05:59.572Z] GET /api/analytics/student
[2026-03-18T14:06:01.106Z] OPTIONS /api/courses
[2026-03-18T14:06:01.107Z] OPTIONS /api/courses
[2026-03-18T14:06:01.110Z] GET /api/courses
[2026-03-18T14:06:01.257Z] GET /api/courses
[2026-03-18T14:06:02.167Z] OPTIONS /api/courses/student/enrolled
[2026-03-18T14:06:02.169Z] OPTIONS /api/courses/student/enrolled
[2026-03-18T14:06:02.173Z] GET /api/courses/student/enrolled
[2026-03-18T14:06:03.266Z] GET /api/courses/student/enrolled
[2026-03-18T14:06:05.232Z] GET /api/courses
[2026-03-18T14:06:06.304Z] GET /api/courses
[2026-03-18T14:06:08.728Z] OPTIONS /api/auth/logout
[2026-03-18T14:06:08.732Z] POST /api/auth/logout
[2026-03-18T14:06:11.875Z] OPTIONS /api/auth/login
[2026-03-18T14:06:11.880Z] POST /api/auth/login
[2026-03-18T14:06:12.538Z] OPTIONS /api/analytics/student
[2026-03-18T14:06:12.540Z] OPTIONS /api/courses/student/enrolled
[2026-03-18T14:06:12.543Z] OPTIONS /api/recommendations
[2026-03-18T14:06:12.545Z] OPTIONS /api/analytics/student
[2026-03-18T14:06:12.547Z] OPTIONS /api/courses/student/enrolled
[2026-03-18T14:06:12.549Z] OPTIONS /api/recommendations
[2026-03-18T14:06:12.551Z] GET /api/analytics/student
[2026-03-18T14:06:12.554Z] GET /api/courses/student/enrolled
[2026-03-18T14:06:12.557Z] GET /api/recommendations
[2026-03-18T14:06:13.662Z] GET /api/courses/student/enrolled
[2026-03-18T14:06:13.823Z] GET /api/analytics/student
[2026-03-18T14:06:13.830Z] GET /api/recommendations
[2026-03-18T14:06:16.524Z] OPTIONS /api/courses
[2026-03-18T14:06:16.525Z] OPTIONS /api/courses
[2026-03-18T14:06:16.529Z] GET /api/courses
[2026-03-18T14:06:16.703Z] GET /api/courses
[2026-03-18T14:06:21.858Z] OPTIONS /api/courses
[2026-03-18T14:06:21.861Z] OPTIONS /api/courses
[2026-03-18T14:06:21.864Z] GET /api/courses
[2026-03-18T14:06:23.206Z] GET /api/courses
[2026-03-18T14:07:38.674Z] OPTIONS /api/courses
[2026-03-18T14:07:38.678Z] OPTIONS /api/courses
[2026-03-18T14:07:38.682Z] GET /api/courses
[2026-03-18T14:07:40.223Z] GET /api/courses
[2026-03-18T15:54:55.814Z] OPTIONS /api/courses/student/enrolled
[2026-03-18T15:54:55.923Z] OPTIONS /api/courses/student/enrolled
[2026-03-18T15:54:55.928Z] GET /api/courses/student/enrolled
[2026-03-18T15:54:56.043Z] GET /api/courses/student/enrolled
[2026-03-18T15:54:56.049Z] OPTIONS /api/auth/refresh
[2026-03-18T15:54:56.053Z] POST /api/auth/refresh
[2026-03-18T15:54:56.898Z] OPTIONS /api/tasks
[2026-03-18T15:54:56.906Z] OPTIONS /api/tasks
[2026-03-18T15:54:56.911Z] GET /api/tasks
[2026-03-18T15:54:56.919Z] GET /api/tasks
[2026-03-18T15:54:57.657Z] GET /api/courses/student/enrolled
[2026-03-18T15:54:57.662Z] GET /api/tasks
[2026-03-18T15:54:57.851Z] GET /api/courses/student/enrolled
[2026-03-18T15:54:57.986Z] OPTIONS /api/quizzes/available
[2026-03-18T15:54:57.990Z] OPTIONS /api/quizzes/available
[2026-03-18T15:54:58.000Z] GET /api/quizzes/available
[2026-03-18T15:54:58.649Z] GET /api/tasks
[2026-03-18T15:54:59.266Z] GET /api/quizzes/available
[2026-03-18T15:54:59.380Z] OPTIONS /api/quizzes/history/me
[2026-03-18T15:54:59.382Z] OPTIONS /api/quizzes/history/me
[2026-03-18T15:54:59.388Z] GET /api/quizzes/history/me
[2026-03-18T15:54:59.577Z] GET /api/quizzes/history/me
[2026-03-18T15:54:59.852Z] GET /api/tasks
[2026-03-18T15:55:00.010Z] GET /api/tasks
[2026-03-18T15:55:01.762Z] OPTIONS /api/courses/student/enrolled
[2026-03-18T15:55:01.764Z] OPTIONS /api/courses/student/enrolled
[2026-03-18T15:55:01.765Z] GET /api/courses/student/enrolled
[2026-03-18T15:55:01.972Z] GET /api/courses/student/enrolled
[2026-03-18T15:55:03.108Z] OPTIONS /api/courses
[2026-03-18T15:55:03.111Z] OPTIONS /api/courses
[2026-03-18T15:55:03.115Z] GET /api/courses
[2026-03-18T15:55:03.695Z] GET /api/courses
[2026-03-18T15:55:05.074Z] GET /api/courses/student/enrolled
[2026-03-18T15:55:05.220Z] GET /api/courses/student/enrolled
[2026-03-18T15:55:07.165Z] OPTIONS /api/courses/13
[2026-03-18T15:55:07.169Z] OPTIONS /api/progress/course/13
[2026-03-18T15:55:07.173Z] OPTIONS /api/courses/13
[2026-03-18T15:55:07.175Z] OPTIONS /api/progress/course/13
[2026-03-18T15:55:07.181Z] GET /api/progress/course/13
[2026-03-18T15:55:07.189Z] GET /api/courses/13
[2026-03-18T15:55:07.733Z] GET /api/progress/course/13
[2026-03-18T15:55:08.867Z] GET /api/courses/13
[2026-03-18T15:55:11.397Z] OPTIONS /api/courses
[2026-03-18T15:55:11.398Z] OPTIONS /api/courses
[2026-03-18T15:55:11.401Z] GET /api/courses
[2026-03-18T15:55:12.046Z] GET /api/courses
[2026-03-18T15:55:12.482Z] OPTIONS /api/analytics/student
[2026-03-18T15:55:12.484Z] OPTIONS /api/courses/student/enrolled
[2026-03-18T15:55:12.485Z] OPTIONS /api/recommendations
[2026-03-18T15:55:12.487Z] OPTIONS /api/recommendations
[2026-03-18T15:55:12.490Z] OPTIONS /api/analytics/student
[2026-03-18T15:55:12.492Z] OPTIONS /api/courses/student/enrolled
[2026-03-18T15:55:12.493Z] POST /api/recommendations
[2026-03-18T15:55:12.502Z] GET /api/courses/student/enrolled
[2026-03-18T15:55:12.505Z] GET /api/analytics/student
[2026-03-18T15:55:12.510Z] POST /api/recommendations
[2026-03-18T15:55:12.651Z] GET /api/courses/student/enrolled
[2026-03-18T15:55:15.110Z] GET /api/analytics/student
[2026-03-18T15:55:39.535Z] OPTIONS /api/auth/login
[2026-03-18T15:55:39.539Z] POST /api/auth/login
[2026-03-18T15:55:40.551Z] OPTIONS /api/analytics/admin
[2026-03-18T15:55:40.554Z] OPTIONS /api/analytics/admin
[2026-03-18T15:55:40.557Z] GET /api/analytics/admin
[2026-03-18T15:55:41.341Z] GET /api/analytics/admin
[2026-03-18T15:55:42.010Z] OPTIONS /api/users
[2026-03-18T15:55:42.012Z] OPTIONS /api/users
[2026-03-18T15:55:42.013Z] GET /api/users
[2026-03-18T15:55:42.296Z] GET /api/users
[2026-03-18T15:55:43.620Z] OPTIONS /api/courses/admin/all
[2026-03-18T15:55:43.623Z] OPTIONS /api/categories
[2026-03-18T15:55:43.625Z] OPTIONS /api/courses/admin/all
[2026-03-18T15:55:43.628Z] OPTIONS /api/categories
[2026-03-18T15:55:43.630Z] GET /api/courses/admin/all
[2026-03-18T15:55:43.632Z] GET /api/categories
[2026-03-18T15:55:43.787Z] GET /api/courses/admin/all
[2026-03-18T15:55:43.816Z] GET /api/categories
[2026-03-18T15:55:45.763Z] OPTIONS /api/courses/13
[2026-03-18T15:55:45.768Z] GET /api/courses/13
[2026-03-18T15:55:53.258Z] OPTIONS /api/users
[2026-03-18T15:55:53.260Z] OPTIONS /api/users
[2026-03-18T15:55:53.262Z] GET /api/users
[2026-03-18T15:55:53.648Z] GET /api/users
[2026-03-18T15:55:54.595Z] OPTIONS /api/analytics/admin
[2026-03-18T15:55:54.597Z] OPTIONS /api/analytics/admin
[2026-03-18T15:55:54.599Z] GET /api/analytics/admin
[2026-03-18T15:55:55.407Z] GET /api/analytics/admin
[2026-03-18T15:56:11.731Z] OPTIONS /api/users
[2026-03-18T15:56:11.734Z] OPTIONS /api/users
[2026-03-18T15:56:11.737Z] GET /api/users
[2026-03-18T15:56:12.050Z] GET /api/users
[2026-03-18T15:56:12.939Z] OPTIONS /api/analytics/admin
[2026-03-18T15:56:12.942Z] OPTIONS /api/analytics/admin
[2026-03-18T15:56:12.944Z] GET /api/analytics/admin
[2026-03-18T15:56:13.759Z] GET /api/analytics/admin
[2026-03-18T15:56:20.197Z] OPTIONS /api/users
[2026-03-18T15:56:20.201Z] OPTIONS /api/users
[2026-03-18T15:56:20.204Z] GET /api/users
[2026-03-18T15:56:20.529Z] GET /api/users
[2026-03-18T15:56:21.674Z] OPTIONS /api/courses/admin/all
[2026-03-18T15:56:21.676Z] OPTIONS /api/categories
[2026-03-18T15:56:21.679Z] OPTIONS /api/courses/admin/all
[2026-03-18T15:56:21.686Z] OPTIONS /api/categories
[2026-03-18T15:56:21.689Z] GET /api/courses/admin/all
[2026-03-18T15:56:21.695Z] GET /api/categories
[2026-03-18T15:56:21.855Z] GET /api/courses/admin/all
[2026-03-18T15:56:23.087Z] GET /api/categories
[2026-03-18T15:56:23.980Z] GET /api/categories
[2026-03-18T15:56:23.982Z] GET /api/courses/admin/all
[2026-03-18T15:56:24.120Z] GET /api/categories
[2026-03-18T15:56:24.129Z] GET /api/courses/admin/all
[2026-03-18T15:56:24.987Z] GET /api/categories
[2026-03-18T15:56:25.136Z] GET /api/categories
[2026-03-18T15:56:26.104Z] GET /api/courses/admin/all
[2026-03-18T15:56:26.108Z] GET /api/categories
[2026-03-18T15:56:26.301Z] GET /api/categories
[2026-03-18T15:56:26.305Z] GET /api/courses/admin/all
[2026-03-18T15:56:27.072Z] OPTIONS /api/categories
[2026-03-18T15:56:27.074Z] OPTIONS /api/courses/admin/all
[2026-03-18T15:56:27.077Z] OPTIONS /api/categories
[2026-03-18T15:56:27.079Z] OPTIONS /api/courses/admin/all
[2026-03-18T15:56:27.080Z] GET /api/categories
[2026-03-18T15:56:27.082Z] GET /api/courses/admin/all
[2026-03-18T15:56:27.251Z] GET /api/courses/admin/all
[2026-03-18T15:56:27.258Z] GET /api/categories
[2026-03-18T15:57:00.747Z] OPTIONS /api/chat/context
[2026-03-18T15:57:00.751Z] OPTIONS /api/chat/context
[2026-03-18T15:57:00.758Z] GET /api/chat/context
[2026-03-18T15:57:01.794Z] OPTIONS /api/analytics/student
[2026-03-18T15:57:01.795Z] OPTIONS /api/courses/student/enrolled
[2026-03-18T15:57:01.797Z] OPTIONS /api/recommendations
[2026-03-18T15:57:01.799Z] OPTIONS /api/courses/student/enrolled
[2026-03-18T15:57:01.801Z] OPTIONS /api/analytics/student
[2026-03-18T15:57:01.803Z] OPTIONS /api/recommendations
[2026-03-18T15:57:01.805Z] GET /api/analytics/student
[2026-03-18T15:57:01.810Z] GET /api/courses/student/enrolled
[2026-03-18T15:57:01.814Z] POST /api/recommendations
[2026-03-18T15:57:01.819Z] POST /api/recommendations
[2026-03-18T15:57:04.620Z] GET /api/courses/student/enrolled
[2026-03-18T15:57:05.611Z] GET /api/analytics/student
[2026-03-18T15:57:05.700Z] GET /api/chat/context
[2026-03-18T15:57:05.707Z] GET /api/chat/context
[2026-03-18T15:57:05.717Z] GET /api/chat/context
[2026-03-18T15:57:32.491Z] OPTIONS /api/quizzes/history/me
[2026-03-18T15:57:32.493Z] OPTIONS /api/quizzes/history/me
[2026-03-18T15:57:32.499Z] GET /api/quizzes/history/me
[2026-03-18T15:57:32.635Z] GET /api/quizzes/history/me
[2026-03-18T15:57:33.950Z] OPTIONS /api/quizzes/available
[2026-03-18T15:57:33.953Z] OPTIONS /api/quizzes/available
[2026-03-18T15:57:33.958Z] GET /api/quizzes/available
[2026-03-18T15:57:34.107Z] GET /api/quizzes/available
[2026-03-18T15:57:35.025Z] OPTIONS /api/tasks
[2026-03-18T15:57:35.028Z] OPTIONS /api/tasks
[2026-03-18T15:57:35.033Z] GET /api/tasks
[2026-03-18T15:57:35.172Z] GET /api/tasks
[2026-03-18T15:57:35.954Z] OPTIONS /api/courses/student/enrolled
[2026-03-18T15:57:35.956Z] OPTIONS /api/courses/student/enrolled
[2026-03-18T15:57:35.958Z] GET /api/courses/student/enrolled
[2026-03-18T15:57:36.112Z] GET /api/courses/student/enrolled
[2026-03-18T15:57:36.988Z] OPTIONS /api/courses
[2026-03-18T15:57:36.991Z] OPTIONS /api/courses
[2026-03-18T15:57:36.994Z] GET /api/courses
[2026-03-18T15:57:37.416Z] GET /api/courses
[2026-03-18T15:57:38.278Z] OPTIONS /api/analytics/student
[2026-03-18T15:57:38.282Z] OPTIONS /api/recommendations
[2026-03-18T15:57:38.283Z] OPTIONS /api/analytics/student
[2026-03-18T15:57:38.285Z] GET /api/courses/student/enrolled
[2026-03-18T15:57:38.288Z] OPTIONS /api/recommendations
[2026-03-18T15:57:38.290Z] GET /api/analytics/student
[2026-03-18T15:57:38.293Z] GET /api/recommendations
[2026-03-18T15:57:38.427Z] GET /api/courses/student/enrolled
[2026-03-18T15:57:39.510Z] GET /api/recommendations
[2026-03-18T15:57:40.333Z] GET /api/analytics/student
[2026-03-18T15:58:13.081Z] OPTIONS /api/chat/stream
[2026-03-18T15:58:13.105Z] POST /api/chat/stream
[2026-03-18T15:59:19.881Z] OPTIONS /api/analytics/student
[2026-03-18T15:59:19.884Z] OPTIONS /api/courses/student/enrolled
[2026-03-18T15:59:19.888Z] GET /api/analytics/student
[2026-03-18T15:59:19.895Z] OPTIONS /api/recommendations
[2026-03-18T15:59:19.897Z] OPTIONS /api/analytics/student
[2026-03-18T15:59:19.902Z] OPTIONS /api/courses/student/enrolled
[2026-03-18T15:59:19.906Z] OPTIONS /api/recommendations
[2026-03-18T15:59:19.910Z] GET /api/courses/student/enrolled
[2026-03-18T15:59:19.918Z] GET /api/recommendations
[2026-03-18T15:59:21.353Z] GET /api/courses/student/enrolled
[2026-03-18T15:59:21.503Z] GET /api/recommendations
[2026-03-18T15:59:22.446Z] GET /api/analytics/student
[2026-03-18T15:59:25.989Z] OPTIONS /api/courses
[2026-03-18T15:59:25.994Z] OPTIONS /api/courses
[2026-03-18T15:59:26.002Z] GET /api/courses
[2026-03-18T15:59:26.835Z] GET /api/courses
[2026-03-18T15:59:26.849Z] OPTIONS /api/courses/student/enrolled
[2026-03-18T15:59:26.852Z] OPTIONS /api/courses/student/enrolled
[2026-03-18T15:59:26.857Z] GET /api/courses/student/enrolled
[2026-03-18T15:59:27.440Z] GET /api/courses/student/enrolled
[2026-03-18T15:59:28.056Z] GET /api/courses
[2026-03-18T15:59:28.657Z] GET /api/courses
[2026-03-18T15:59:28.678Z] OPTIONS /api/analytics/student
[2026-03-18T15:59:28.680Z] OPTIONS /api/recommendations
[2026-03-18T15:59:28.684Z] OPTIONS /api/analytics/student
[2026-03-18T15:59:28.686Z] GET /api/courses/student/enrolled
[2026-03-18T15:59:28.690Z] OPTIONS /api/recommendations
[2026-03-18T15:59:28.692Z] GET /api/analytics/student
[2026-03-18T15:59:28.696Z] GET /api/recommendations
[2026-03-18T15:59:28.916Z] GET /api/courses/student/enrolled
[2026-03-18T15:59:29.970Z] GET /api/analytics/student
[2026-03-18T15:59:29.982Z] GET /api/recommendations
[2026-03-18T15:59:35.751Z] OPTIONS /api/courses/student/enrolled
[2026-03-18T15:59:35.753Z] OPTIONS /api/courses/student/enrolled
[2026-03-18T15:59:35.755Z] GET /api/courses/student/enrolled
[2026-03-18T15:59:35.946Z] GET /api/courses/student/enrolled
[2026-03-18T15:59:36.604Z] OPTIONS /api/courses
[2026-03-18T15:59:36.606Z] OPTIONS /api/courses
[2026-03-18T15:59:36.607Z] GET /api/courses
[2026-03-18T15:59:37.054Z] GET /api/courses
[2026-03-18T16:00:20.943Z] OPTIONS /api/users
[2026-03-18T16:00:20.944Z] OPTIONS /api/users
[2026-03-18T16:00:20.948Z] GET /api/users
[2026-03-18T16:00:22.223Z] GET /api/users
[2026-03-18T16:00:22.714Z] OPTIONS /api/categories
[2026-03-18T16:00:22.719Z] OPTIONS /api/courses/admin/all
[2026-03-18T16:00:22.723Z] OPTIONS /api/categories
[2026-03-18T16:00:22.726Z] OPTIONS /api/courses/admin/all
[2026-03-18T16:00:22.729Z] GET /api/categories
[2026-03-18T16:00:22.733Z] GET /api/courses/admin/all
[2026-03-18T16:00:22.884Z] GET /api/categories
[2026-03-18T16:00:23.798Z] GET /api/courses/admin/all
[2026-03-18T16:00:24.170Z] OPTIONS /api/analytics/admin
[2026-03-18T16:00:24.172Z] OPTIONS /api/analytics/admin
[2026-03-18T16:00:24.174Z] GET /api/analytics/admin
[2026-03-18T16:00:24.889Z] GET /api/analytics/admin
[2026-03-18T16:00:27.017Z] GET /api/categories
[2026-03-18T16:00:27.204Z] GET /api/categories
[2026-03-18T16:00:28.507Z] OPTIONS /api/categories
[2026-03-18T16:00:28.510Z] OPTIONS /api/courses/admin/all
[2026-03-18T16:00:28.513Z] OPTIONS /api/categories
[2026-03-18T16:00:28.518Z] OPTIONS /api/courses/admin/all
[2026-03-18T16:00:28.521Z] GET /api/categories
[2026-03-18T16:00:28.524Z] GET /api/courses/admin/all
[2026-03-18T16:00:28.683Z] GET /api/categories
[2026-03-18T16:00:28.687Z] GET /api/courses/admin/all
[2026-03-18T16:00:32.313Z] GET /api/courses/admin/all
[2026-03-18T16:00:32.317Z] GET /api/categories
[2026-03-18T16:00:32.472Z] GET /api/categories
[2026-03-18T16:00:32.474Z] GET /api/courses/admin/all
